# JRE version: Java(TM) SE Runtime Environment (22.0+36) (build 22+36-2370)
# Java VM: Java HotSpot(TM) 64-Bit Server VM (22+36-2370, mixed mode, sharing, tiered, compressed oops, compressed class ptrs, g1 gc, windows-amd64)
GC Precious Log:
 CardTable entry size: 512
 Card Set container configuration: InlinePtr #cards 5 size 8 Array Of Cards #cards 12 size 40 Howl #buckets 4 coarsen threshold 1843 Howl Bitmap #cards 512 size 80 coarsen threshold 460 Card regions per heap region 1 cards per card region 2048
 CPUs: 4 total, 4 available
 Memory: 3930M
 Large Page Support: Disabled
 NUMA Support: Disabled
 Compressed Oops: Enabled (32-bit)
 Heap Region Size: 1M
 Heap Min Capacity: 8M
 Heap Initial Capacity: 62M
 Heap Max Capacity: 984M
 Pre-touch: Disabled
 Parallel Workers: 4
 Concurrent Workers: 1
 Concurrent Refinement Workers: 4
 Periodic GC: Disabled
Heap:
 garbage-first heap   total reserved 1007616K, committed 43008K, used 32029K [0x00000000c2800000, 0x0000000100000000)
  region size 1024K, 10 young (10240K), 2 survivors (2048K)
 Metaspace       used 40521K, committed 40896K, reserved 1114112K
  class space    used 4958K, committed 5184K, reserved 1048576K
GC Heap History (20 events):
Event: 97.046 GC heap before
{Heap before GC invocations=19 (full 0):
 garbage-first heap   total reserved 1007616K, committed 34816K, used 23499K [0x00000000c2800000, 0x0000000100000000)
  region size 1024K, 6 young (6144K), 2 survivors (2048K)
 Metaspace       used 39213K, committed 39552K, reserved 1114112K
  class space    used 4888K, committed 5056K, reserved 1048576K
}
Event: 97.055 GC heap after
{Heap after GC invocations=20 (full 0):
 garbage-first heap   total reserved 1007616K, committed 34816K, used 21011K [0x00000000c2800000, 0x0000000100000000)
  region size 1024K, 2 young (2048K), 2 survivors (2048K)
 Metaspace       used 39213K, committed 39552K, reserved 1114112K
  class space    used 4888K, committed 5056K, reserved 1048576K
}
Event: 109.673 GC heap before
{Heap before GC invocations=21 (full 0):
 garbage-first heap   total reserved 1007616K, committed 37888K, used 30227K [0x00000000c2800000, 0x0000000100000000)
  region size 1024K, 10 young (10240K), 2 survivors (2048K)
 Metaspace       used 39268K, committed 39616K, reserved 1114112K
  class space    used 4888K, committed 5056K, reserved 1048576K
}
Event: 109.679 GC heap after
{Heap after GC invocations=22 (full 0):
 garbage-first heap   total reserved 1007616K, committed 37888K, used 22231K [0x00000000c2800000, 0x0000000100000000)
  region size 1024K, 1 young (1024K), 1 survivors (1024K)
 Metaspace       used 39268K, committed 39616K, reserved 1114112K
  class space    used 4888K, committed 5056K, reserved 1048576K
}
Event: 132.565 GC heap before
{Heap before GC invocations=22 (full 0):
 garbage-first heap   total reserved 1007616K, committed 37888K, used 33495K [0x00000000c2800000, 0x0000000100000000)
  region size 1024K, 12 young (12288K), 1 survivors (1024K)
 Metaspace       used 39333K, committed 39680K, reserved 1114112K
  class space    used 4888K, committed 5056K, reserved 1048576K
}
Event: 132.571 GC heap after
{Heap after GC invocations=23 (full 0):
 garbage-first heap   total reserved 1007616K, committed 37888K, used 21650K [0x00000000c2800000, 0x0000000100000000)
  region size 1024K, 1 young (1024K), 1 survivors (1024K)
 Metaspace       used 39333K, committed 39680K, reserved 1114112K
  class space    used 4888K, committed 5056K, reserved 1048576K
}
Event: 133.308 GC heap before
{Heap before GC invocations=23 (full 0):
 garbage-first heap   total reserved 1007616K, committed 37888K, used 32914K [0x00000000c2800000, 0x0000000100000000)
  region size 1024K, 12 young (12288K), 1 survivors (1024K)
 Metaspace       used 39498K, committed 39808K, reserved 1114112K
  class space    used 4896K, committed 5056K, reserved 1048576K
}
Event: 133.314 GC heap after
{Heap after GC invocations=24 (full 0):
 garbage-first heap   total reserved 1007616K, committed 37888K, used 22239K [0x00000000c2800000, 0x0000000100000000)
  region size 1024K, 2 young (2048K), 2 survivors (2048K)
 Metaspace       used 39498K, committed 39808K, reserved 1114112K
  class space    used 4896K, committed 5056K, reserved 1048576K
}
Event: 144.464 GC heap before
{Heap before GC invocations=25 (full 0):
 garbage-first heap   total reserved 1007616K, committed 37888K, used 30431K [0x00000000c2800000, 0x0000000100000000)
  region size 1024K, 11 young (11264K), 2 survivors (2048K)
 Metaspace       used 39618K, committed 40000K, reserved 1114112K
  class space    used 4904K, committed 5120K, reserved 1048576K
}
Event: 144.472 GC heap after
{Heap after GC invocations=26 (full 0):
 garbage-first heap   total reserved 1007616K, committed 37888K, used 22063K [0x00000000c2800000, 0x0000000100000000)
  region size 1024K, 2 young (2048K), 2 survivors (2048K)
 Metaspace       used 39618K, committed 40000K, reserved 1114112K
  class space    used 4904K, committed 5120K, reserved 1048576K
}
Event: 145.996 GC heap before
{Heap before GC invocations=26 (full 0):
 garbage-first heap   total reserved 1007616K, committed 37888K, used 32303K [0x00000000c2800000, 0x0000000100000000)
  region size 1024K, 12 young (12288K), 2 survivors (2048K)
 Metaspace       used 39743K, committed 40128K, reserved 1114112K
  class space    used 4914K, committed 5120K, reserved 1048576K
}
Event: 146.006 GC heap after
{Heap after GC invocations=27 (full 0):
 garbage-first heap   total reserved 1007616K, committed 37888K, used 22858K [0x00000000c2800000, 0x0000000100000000)
  region size 1024K, 2 young (2048K), 2 survivors (2048K)
 Metaspace       used 39743K, committed 40128K, reserved 1114112K
  class space    used 4914K, committed 5120K, reserved 1048576K
}
Event: 160.037 GC heap before
{Heap before GC invocations=27 (full 0):
 garbage-first heap   total reserved 1007616K, committed 37888K, used 32074K [0x00000000c2800000, 0x0000000100000000)
  region size 1024K, 11 young (11264K), 2 survivors (2048K)
 Metaspace       used 39801K, committed 40192K, reserved 1114112K
  class space    used 4916K, committed 5120K, reserved 1048576K
}
Event: 160.044 GC heap after
{Heap after GC invocations=28 (full 0):
 garbage-first heap   total reserved 1007616K, committed 37888K, used 23502K [0x00000000c2800000, 0x0000000100000000)
  region size 1024K, 1 young (1024K), 1 survivors (1024K)
 Metaspace       used 39801K, committed 40192K, reserved 1114112K
  class space    used 4916K, committed 5120K, reserved 1048576K
}
Event: 180.632 GC heap before
{Heap before GC invocations=29 (full 0):
 garbage-first heap   total reserved 1007616K, committed 40960K, used 32718K [0x00000000c2800000, 0x0000000100000000)
  region size 1024K, 11 young (11264K), 1 survivors (1024K)
 Metaspace       used 39893K, committed 40256K, reserved 1114112K
  class space    used 4920K, committed 5120K, reserved 1048576K
}
Event: 180.636 GC heap after
{Heap after GC invocations=30 (full 0):
 garbage-first heap   total reserved 1007616K, committed 40960K, used 23562K [0x00000000c2800000, 0x0000000100000000)
  region size 1024K, 1 young (1024K), 1 survivors (1024K)
 Metaspace       used 39893K, committed 40256K, reserved 1114112K
  class space    used 4920K, committed 5120K, reserved 1048576K
}
Event: 184.033 GC heap before
{Heap before GC invocations=30 (full 0):
 garbage-first heap   total reserved 1007616K, committed 40960K, used 36874K [0x00000000c2800000, 0x0000000100000000)
  region size 1024K, 14 young (14336K), 1 survivors (1024K)
 Metaspace       used 40077K, committed 40448K, reserved 1114112K
  class space    used 4924K, committed 5120K, reserved 1048576K
}
Event: 184.039 GC heap after
{Heap after GC invocations=31 (full 0):
 garbage-first heap   total reserved 1007616K, committed 40960K, used 23940K [0x00000000c2800000, 0x0000000100000000)
  region size 1024K, 2 young (2048K), 2 survivors (2048K)
 Metaspace       used 40077K, committed 40448K, reserved 1114112K
  class space    used 4924K, committed 5120K, reserved 1048576K
}
Event: 189.683 GC heap before
{Heap before GC invocations=31 (full 0):
 garbage-first heap   total reserved 1007616K, committed 40960K, used 36228K [0x00000000c2800000, 0x0000000100000000)
  region size 1024K, 14 young (14336K), 2 survivors (2048K)
 Metaspace       used 40277K, committed 40640K, reserved 1114112K
  class space    used 4931K, committed 5120K, reserved 1048576K
}
Event: 189.690 GC heap after
{Heap after GC invocations=32 (full 0):
 garbage-first heap   total reserved 1007616K, committed 40960K, used 24861K [0x00000000c2800000, 0x0000000100000000)
  region size 1024K, 2 young (2048K), 2 survivors (2048K)
 Metaspace       used 40277K, committed 40640K, reserved 1114112K
  class space    used 4931K, committed 5120K, reserved 1048576K
}

