# JRE version: Java(TM) SE Runtime Environment (22.0+36) (build 22+36-2370)
# Java VM: Java HotSpot(TM) 64-Bit Server VM (22+36-2370, mixed mode, sharing, tiered, compressed oops, compressed class ptrs, g1 gc, windows-amd64)
GC Precious Log:
 CardTable entry size: 512
 Card Set container configuration: InlinePtr #cards 5 size 8 Array Of Cards #cards 12 size 40 Howl #buckets 4 coarsen threshold 1843 Howl Bitmap #cards 512 size 80 coarsen threshold 460 Card regions per heap region 1 cards per card region 2048
 CPUs: 4 total, 4 available
 Memory: 3930M
 Large Page Support: Disabled
 NUMA Support: Disabled
 Compressed Oops: Enabled (32-bit)
 Heap Region Size: 1M
 Heap Min Capacity: 8M
 Heap Initial Capacity: 62M
 Heap Max Capacity: 984M
 Pre-touch: Disabled
 Parallel Workers: 4
 Concurrent Workers: 1
 Concurrent Refinement Workers: 4
 Periodic GC: Disabled
Heap:
 garbage-first heap   total reserved 1007616K, committed 30720K, used 23198K [0x00000000c2800000, 0x0000000100000000)
  region size 1024K, 7 young (7168K), 1 survivors (1024K)
 Metaspace       used 39148K, committed 39552K, reserved 1114112K
  class space    used 4939K, committed 5120K, reserved 1048576K
GC Heap History (20 events):
Event: 4.027 GC heap before
{Heap before GC invocations=1 (full 0):
 garbage-first heap   total reserved 1007616K, committed 63488K, used 20304K [0x00000000c2800000, 0x0000000100000000)
  region size 1024K, 16 young (16384K), 2 survivors (2048K)
 Metaspace       used 16720K, committed 16960K, reserved 1114112K
  class space    used 2092K, committed 2240K, reserved 1048576K
}
Event: 4.039 GC heap after
{Heap after GC invocations=2 (full 0):
 garbage-first heap   total reserved 1007616K, committed 63488K, used 7278K [0x00000000c2800000, 0x0000000100000000)
  region size 1024K, 2 young (2048K), 2 survivors (2048K)
 Metaspace       used 16720K, committed 16960K, reserved 1114112K
  class space    used 2092K, committed 2240K, reserved 1048576K
}
Event: 5.671 GC heap before
{Heap before GC invocations=2 (full 0):
 garbage-first heap   total reserved 1007616K, committed 63488K, used 18542K [0x00000000c2800000, 0x0000000100000000)
  region size 1024K, 15 young (15360K), 2 survivors (2048K)
 Metaspace       used 21322K, committed 21504K, reserved 1114112K
  class space    used 2659K, committed 2752K, reserved 1048576K
}
Event: 5.679 GC heap after
{Heap after GC invocations=3 (full 0):
 garbage-first heap   total reserved 1007616K, committed 63488K, used 9142K [0x00000000c2800000, 0x0000000100000000)
  region size 1024K, 3 young (3072K), 3 survivors (3072K)
 Metaspace       used 21322K, committed 21504K, reserved 1114112K
  class space    used 2659K, committed 2752K, reserved 1048576K
}
Event: 7.072 GC heap before
{Heap before GC invocations=4 (full 0):
 garbage-first heap   total reserved 1007616K, committed 30720K, used 24502K [0x00000000c2800000, 0x0000000100000000)
  region size 1024K, 18 young (18432K), 3 survivors (3072K)
 Metaspace       used 25815K, committed 26048K, reserved 1114112K
  class space    used 3282K, committed 3392K, reserved 1048576K
}
Event: 7.083 GC heap after
{Heap after GC invocations=5 (full 0):
 garbage-first heap   total reserved 1007616K, committed 30720K, used 10040K [0x00000000c2800000, 0x0000000100000000)
  region size 1024K, 1 young (1024K), 1 survivors (1024K)
 Metaspace       used 25815K, committed 26048K, reserved 1114112K
  class space    used 3282K, committed 3392K, reserved 1048576K
}
Event: 8.338 GC heap before
{Heap before GC invocations=5 (full 0):
 garbage-first heap   total reserved 1007616K, committed 30720K, used 22328K [0x00000000c2800000, 0x0000000100000000)
  region size 1024K, 13 young (13312K), 1 survivors (1024K)
 Metaspace       used 28332K, committed 28608K, reserved 1114112K
  class space    used 3741K, committed 3904K, reserved 1048576K
}
Event: 8.348 GC heap after
{Heap after GC invocations=6 (full 0):
 garbage-first heap   total reserved 1007616K, committed 30720K, used 10588K [0x00000000c2800000, 0x0000000100000000)
  region size 1024K, 2 young (2048K), 2 survivors (2048K)
 Metaspace       used 28332K, committed 28608K, reserved 1114112K
  class space    used 3741K, committed 3904K, reserved 1048576K
}
Event: 10.290 GC heap before
{Heap before GC invocations=6 (full 0):
 garbage-first heap   total reserved 1007616K, committed 30720K, used 22876K [0x00000000c2800000, 0x0000000100000000)
  region size 1024K, 14 young (14336K), 2 survivors (2048K)
 Metaspace       used 33068K, committed 33408K, reserved 1114112K
  class space    used 4356K, committed 4544K, reserved 1048576K
}
Event: 10.296 GC heap after
{Heap after GC invocations=7 (full 0):
 garbage-first heap   total reserved 1007616K, committed 30720K, used 11393K [0x00000000c2800000, 0x0000000100000000)
  region size 1024K, 2 young (2048K), 2 survivors (2048K)
 Metaspace       used 33068K, committed 33408K, reserved 1114112K
  class space    used 4356K, committed 4544K, reserved 1048576K
}
Event: 20.469 GC heap before
{Heap before GC invocations=7 (full 0):
 garbage-first heap   total reserved 1007616K, committed 30720K, used 18561K [0x00000000c2800000, 0x0000000100000000)
  region size 1024K, 11 young (11264K), 2 survivors (2048K)
 Metaspace       used 35800K, committed 36160K, reserved 1114112K
  class space    used 4641K, committed 4864K, reserved 1048576K
}
Event: 20.476 GC heap after
{Heap after GC invocations=8 (full 0):
 garbage-first heap   total reserved 1007616K, committed 30720K, used 12549K [0x00000000c2800000, 0x0000000100000000)
  region size 1024K, 2 young (2048K), 2 survivors (2048K)
 Metaspace       used 35800K, committed 36160K, reserved 1114112K
  class space    used 4641K, committed 4864K, reserved 1048576K
}
Event: 23.432 GC heap before
{Heap before GC invocations=9 (full 0):
 garbage-first heap   total reserved 1007616K, committed 30720K, used 23813K [0x00000000c2800000, 0x0000000100000000)
  region size 1024K, 13 young (13312K), 2 survivors (2048K)
 Metaspace       used 37008K, committed 37376K, reserved 1114112K
  class space    used 4763K, committed 4928K, reserved 1048576K
}
Event: 23.439 GC heap after
{Heap after GC invocations=10 (full 0):
 garbage-first heap   total reserved 1007616K, committed 30720K, used 14243K [0x00000000c2800000, 0x0000000100000000)
  region size 1024K, 2 young (2048K), 2 survivors (2048K)
 Metaspace       used 37008K, committed 37376K, reserved 1114112K
  class space    used 4763K, committed 4928K, reserved 1048576K
}
Event: 28.394 GC heap before
{Heap before GC invocations=10 (full 0):
 garbage-first heap   total reserved 1007616K, committed 30720K, used 23459K [0x00000000c2800000, 0x0000000100000000)
  region size 1024K, 12 young (12288K), 2 survivors (2048K)
 Metaspace       used 37863K, committed 38208K, reserved 1114112K
  class space    used 4848K, committed 4992K, reserved 1048576K
}
Event: 28.402 GC heap after
{Heap after GC invocations=11 (full 0):
 garbage-first heap   total reserved 1007616K, committed 30720K, used 15923K [0x00000000c2800000, 0x0000000100000000)
  region size 1024K, 2 young (2048K), 2 survivors (2048K)
 Metaspace       used 37863K, committed 38208K, reserved 1114112K
  class space    used 4848K, committed 4992K, reserved 1048576K
}
Event: 33.375 GC heap before
{Heap before GC invocations=11 (full 0):
 garbage-first heap   total reserved 1007616K, committed 30720K, used 25139K [0x00000000c2800000, 0x0000000100000000)
  region size 1024K, 11 young (11264K), 2 survivors (2048K)
 Metaspace       used 38395K, committed 38784K, reserved 1114112K
  class space    used 4903K, committed 5056K, reserved 1048576K
}
Event: 33.383 GC heap after
{Heap after GC invocations=12 (full 0):
 garbage-first heap   total reserved 1007616K, committed 30720K, used 16817K [0x00000000c2800000, 0x0000000100000000)
  region size 1024K, 2 young (2048K), 2 survivors (2048K)
 Metaspace       used 38395K, committed 38784K, reserved 1114112K
  class space    used 4903K, committed 5056K, reserved 1048576K
}
Event: 43.701 GC heap before
{Heap before GC invocations=13 (full 0):
 garbage-first heap   total reserved 1007616K, committed 30720K, used 26033K [0x00000000c2800000, 0x0000000100000000)
  region size 1024K, 10 young (10240K), 2 survivors (2048K)
 Metaspace       used 38601K, committed 38976K, reserved 1114112K
  class space    used 4905K, committed 5056K, reserved 1048576K
}
Event: 43.705 GC heap after
{Heap after GC invocations=14 (full 0):
 garbage-first heap   total reserved 1007616K, committed 30720K, used 17930K [0x00000000c2800000, 0x0000000100000000)
  region size 1024K, 1 young (1024K), 1 survivors (1024K)
 Metaspace       used 38601K, committed 38976K, reserved 1114112K
  class space    used 4905K, committed 5056K, reserved 1048576K
}

